Arguments: 
  C:\Program Files\nodejs\node.exe C:\Program Files (x86)\Yarn\bin\yarn.js add winston

PATH: 
  C:\Program Files\Docker\Docker\Resources\bin;C:\Python36\Scripts\;C:\Python36\;C:\Program Files\Microsoft MPI\Bin\;C:\ProgramData\Oracle\Java\javapath;C:\WINDOWS\system32;C:\WINDOWS;C:\WINDOWS\System32\Wbem;C:\WINDOWS\System32\WindowsPowerShell\v1.0\;C:\Windows\CCM;C:\Program Files (x86)\WebEx\Productivity Tools;C:\Program Files\Git\cmd;C:\Program Files\TortoiseGit\bin;C:\Program Files\PuTTY\;C:\Program Files\dotnet\;C:\Program Files\Microsoft SQL Server\130\Tools\Binn\;C:\Program Files (x86)\Windows Kits\8.1\Windows Performance Toolkit\;C:\Users\afurculita\AppData\Local\Microsoft\WindowsApps;C:\Users\afurculita\AppData\Local\GitHubDesktop\bin;C:\Users\afurculita\AppData\Roaming\npm;C:\Program Files\Microsoft VS Code\bin;C:\Users\afurculita\AppData\Local\Yarn\bin;C:\Users\afurculita\Documents\WindowsPowerShell\Scripts;C:\Program Files (x86)\Kubernetes\Minikube;D:\Programs\Kubernetes\Minikube;C:\ProgramData\chocolatey\bin;C:\Program Files\nodejs\;C:\Program Files (x86)\Yarn\bin\;C:\Users\afurculita\AppData\Local\Microsoft\WindowsApps;C:\Users\afurculita\AppData\Local\GitHubDesktop\bin;C:\Program Files\Microsoft VS Code\bin;C:\Users\afurculita\Documents\WindowsPowerShell\Scripts;C:\Users\afurculita\AppData\Roaming\npm;C:\Users\afurculita\AppData\Local\Yarn\bin

Yarn version: 
  1.9.4

Node version: 
  10.11.0

Platform: 
  win32 x64

Trace: 
  Error: connect ETIMEDOUT 104.16.20.35:443
      at TCPConnectWrap.afterConnect [as oncomplete] (net.js:1113:14)

npm manifest: 
  {
    "name": "rvbd-modules-build",
    "version": "0.0.1",
    "description": "Builds all the registered shared modules using webpack",
    "author": "Adrian Furculita",
    "license": "MIT",
    "scripts": {
      "build": "tsc -p tsconfig.json"
    },
    "dependencies": {
      "dependency-graph": "^0.7.2"
    }
  }

yarn manifest: 
  No manifest

Lockfile: 
  # THIS IS AN AUTOGENERATED FILE. DO NOT EDIT THIS FILE DIRECTLY.
  # yarn lockfile v1
  
  
  dependency-graph@^0.7.2:
    version "0.7.2"
    resolved "https://registry.yarnpkg.com/dependency-graph/-/dependency-graph-0.7.2.tgz#91db9de6eb72699209d88aea4c1fd5221cac1c49"
